<?xml version="1.0" encoding="UTF-8"?>
<testsuite xmlns:xsi="http://www.w3.org/2001/XMLSchema-instance" xsi:noNamespaceSchemaLocation="https://maven.apache.org/surefire/maven-surefire-plugin/xsd/surefire-test-report.xsd" name="com.main.java.controller.UserControllerTest" time="21.019" tests="1" errors="1" skipped="0" failures="0">
  <properties>
[...]
</properties>
  <testcase name="testCreateUser" classname="com.main.java.controller.UserControllerTest" time="0.627">
    <error type="java.lang.NullPointerException">java.lang.NullPointerException
	at com.main.java.controller.UserControllerTest.testCreateUser(UserControllerTest.java:23)
</error>
    <system-out><![CDATA[14:36:11.219 [main] DEBUG org.springframework.test.context.BootstrapUtils - Instantiating CacheAwareContextLoaderDelegate from class [org.springframework.test.context.cache.DefaultCacheAwareContextLoaderDelegate]
14:36:11.250 [main] DEBUG org.springframework.test.context.BootstrapUtils - Instantiating BootstrapContext using constructor [public org.springframework.test.context.support.DefaultBootstrapContext(java.lang.Class,org.springframework.test.context.CacheAwareContextLoaderDelegate)]
14:36:11.350 [main] DEBUG org.springframework.test.context.BootstrapUtils - Instantiating TestContextBootstrapper for test class [com.main.java.controller.UserControllerTest] from class [org.springframework.boot.test.context.SpringBootTestContextBootstrapper]
14:36:11.381 [main] INFO org.springframework.boot.test.context.SpringBootTestContextBootstrapper - Neither @ContextConfiguration nor @ContextHierarchy found for test class [com.main.java.controller.UserControllerTest], using SpringBootContextLoader
14:36:11.397 [main] DEBUG org.springframework.test.context.support.AbstractContextLoader - Did not detect default resource location for test class [com.main.java.controller.UserControllerTest]: class path resource [com/main/java/controller/UserControllerTest-context.xml] does not exist
14:36:11.397 [main] DEBUG org.springframework.test.context.support.AbstractContextLoader - Did not detect default resource location for test class [com.main.java.controller.UserControllerTest]: class path resource [com/main/java/controller/UserControllerTestContext.groovy] does not exist
14:36:11.397 [main] INFO org.springframework.test.context.support.AbstractContextLoader - Could not detect default resource locations for test class [com.main.java.controller.UserControllerTest]: no resource found for suffixes {-context.xml, Context.groovy}.
14:36:11.397 [main] INFO org.springframework.test.context.support.AnnotationConfigContextLoaderUtils - Could not detect default configuration classes for test class [com.main.java.controller.UserControllerTest]: UserControllerTest does not declare any static, non-private, non-final, nested classes annotated with @Configuration.
14:36:11.535 [main] DEBUG org.springframework.test.context.support.ActiveProfilesUtils - Could not find an 'annotation declaring class' for annotation type [org.springframework.test.context.ActiveProfiles] and class [com.main.java.controller.UserControllerTest]
14:36:11.836 [main] DEBUG org.springframework.context.annotation.ClassPathScanningCandidateComponentProvider - Identified candidate component class: file [C:\Users\sachi\Desktop\gapstars_interview\Shopping_Cart\target\classes\com\ShoppingCartApplication.class]
14:36:11.836 [main] INFO org.springframework.boot.test.context.SpringBootTestContextBootstrapper - Found @SpringBootConfiguration com.ShoppingCartApplication for test class com.main.java.controller.UserControllerTest
14:36:12.121 [main] DEBUG org.springframework.boot.test.context.SpringBootTestContextBootstrapper - @TestExecutionListeners is not present for class [com.main.java.controller.UserControllerTest]: using defaults.
14:36:12.121 [main] INFO org.springframework.boot.test.context.SpringBootTestContextBootstrapper - Loaded default TestExecutionListener class names from location [META-INF/spring.factories]: [org.springframework.boot.test.mock.mockito.MockitoTestExecutionListener, org.springframework.boot.test.mock.mockito.ResetMocksTestExecutionListener, org.springframework.boot.test.autoconfigure.restdocs.RestDocsTestExecutionListener, org.springframework.boot.test.autoconfigure.web.client.MockRestServiceServerResetTestExecutionListener, org.springframework.boot.test.autoconfigure.web.servlet.MockMvcPrintOnlyOnFailureTestExecutionListener, org.springframework.boot.test.autoconfigure.web.servlet.WebDriverTestExecutionListener, org.springframework.boot.test.autoconfigure.webservices.client.MockWebServiceServerTestExecutionListener, org.springframework.test.context.web.ServletTestExecutionListener, org.springframework.test.context.support.DirtiesContextBeforeModesTestExecutionListener, org.springframework.test.context.event.ApplicationEventsTestExecutionListener, org.springframework.test.context.support.DependencyInjectionTestExecutionListener, org.springframework.test.context.support.DirtiesContextTestExecutionListener, org.springframework.test.context.transaction.TransactionalTestExecutionListener, org.springframework.test.context.jdbc.SqlScriptsTestExecutionListener, org.springframework.test.context.event.EventPublishingTestExecutionListener]
14:36:12.184 [main] INFO org.springframework.boot.test.context.SpringBootTestContextBootstrapper - Using TestExecutionListeners: [org.springframework.test.context.web.ServletTestExecutionListener@4bdeaabb, org.springframework.test.context.support.DirtiesContextBeforeModesTestExecutionListener@6c4906d3, org.springframework.test.context.event.ApplicationEventsTestExecutionListener@65987993, org.springframework.boot.test.mock.mockito.MockitoTestExecutionListener@71075444, org.springframework.boot.test.autoconfigure.SpringBootDependencyInjectionTestExecutionListener@4f32a3ad, org.springframework.test.context.support.DirtiesContextTestExecutionListener@6b695b06, org.springframework.test.context.transaction.TransactionalTestExecutionListener@4d1bf319, org.springframework.test.context.jdbc.SqlScriptsTestExecutionListener@6f53b8a, org.springframework.test.context.event.EventPublishingTestExecutionListener@5c80cf32, org.springframework.boot.test.mock.mockito.ResetMocksTestExecutionListener@7d900ecf, org.springframework.boot.test.autoconfigure.restdocs.RestDocsTestExecutionListener@6f01b95f, org.springframework.boot.test.autoconfigure.web.client.MockRestServiceServerResetTestExecutionListener@4007f65e, org.springframework.boot.test.autoconfigure.web.servlet.MockMvcPrintOnlyOnFailureTestExecutionListener@1a245833, org.springframework.boot.test.autoconfigure.web.servlet.WebDriverTestExecutionListener@673fdbce, org.springframework.boot.test.autoconfigure.webservices.client.MockWebServiceServerTestExecutionListener@5965d37]
14:36:12.199 [main] DEBUG org.springframework.test.context.support.AbstractDirtiesContextTestExecutionListener - Before test class: context [DefaultTestContext@3ad83a66 testClass = UserControllerTest, testInstance = [null], testMethod = [null], testException = [null], mergedContextConfiguration = [WebMergedContextConfiguration@3cce5371 testClass = UserControllerTest, locations = '{}', classes = '{class com.ShoppingCartApplication}', contextInitializerClasses = '[]', activeProfiles = '{}', propertySourceLocations = '{}', propertySourceProperties = '{org.springframework.boot.test.context.SpringBootTestContextBootstrapper=true}', contextCustomizers = set[org.springframework.boot.test.context.filter.ExcludeFilterContextCustomizer@38c6f217, org.springframework.boot.test.json.DuplicateJsonObjectContextCustomizerFactory$DuplicateJsonObjectContextCustomizer@3a93b025, org.springframework.boot.test.mock.mockito.MockitoContextCustomizer@0, org.springframework.boot.test.web.client.TestRestTemplateContextCustomizer@6069db50, org.springframework.boot.test.autoconfigure.actuate.metrics.MetricsExportContextCustomizerFactory$DisableMetricExportContextCustomizer@72967906, org.springframework.boot.test.autoconfigure.properties.PropertyMappingContextCustomizer@0, org.springframework.boot.test.autoconfigure.web.servlet.WebDriverContextCustomizerFactory$Customizer@3023df74, org.springframework.boot.test.context.SpringBootTestArgs@1, org.springframework.boot.test.context.SpringBootTestWebEnvironment@204f30ec], resourceBasePath = 'src/main/webapp', contextLoader = 'org.springframework.boot.test.context.SpringBootContextLoader', parent = [null]], attributes = map['org.springframework.test.context.web.ServletTestExecutionListener.activateListener' -> true]], class annotated with @DirtiesContext [false] with mode [null].
14:36:12.324 [main] DEBUG org.springframework.test.context.support.TestPropertySourceUtils - Adding inlined properties to environment: {spring.jmx.enabled=false, org.springframework.boot.test.context.SpringBootTestContextBootstrapper=true}

  .   ____          _            __ _ _
 /\\ / ___'_ __ _ _(_)_ __  __ _ \ \ \ \
( ( )\___ | '_ | '_| | '_ \/ _` | \ \ \ \
 \\/  ___)| |_)| | | | | || (_| |  ) ) ) )
  '  |____| .__|_| |_|_| |_\__, | / / / /
 =========|_|==============|___/=/_/_/_/
 :: Spring Boot ::                (v2.5.1)

2021-06-13 14:36:13.154  INFO 19040 --- [           main] c.m.java.controller.UserControllerTest   : Starting UserControllerTest using Java 1.8.0_141 on LAPTOP-C6379A7V with PID 19040 (started by sachi in C:\Users\sachi\Desktop\gapstars_interview\Shopping_Cart)
2021-06-13 14:36:13.162  INFO 19040 --- [           main] c.m.java.controller.UserControllerTest   : No active profile set, falling back to default profiles: default
2021-06-13 14:36:17.270  INFO 19040 --- [           main] .s.d.r.c.RepositoryConfigurationDelegate : Bootstrapping Spring Data JPA repositories in DEFAULT mode.
2021-06-13 14:36:18.616  INFO 19040 --- [           main] .s.d.r.c.RepositoryConfigurationDelegate : Finished Spring Data repository scanning in 1339 ms. Found 5 JPA repository interfaces.
2021-06-13 14:36:20.445  INFO 19040 --- [           main] com.zaxxer.hikari.HikariDataSource       : HikariPool-1 - Starting...
2021-06-13 14:36:20.913  INFO 19040 --- [           main] com.zaxxer.hikari.HikariDataSource       : HikariPool-1 - Start completed.
2021-06-13 14:36:21.688  INFO 19040 --- [           main] o.hibernate.jpa.internal.util.LogHelper  : HHH000204: Processing PersistenceUnitInfo [name: default]
2021-06-13 14:36:21.851  INFO 19040 --- [           main] org.hibernate.Version                    : HHH000412: Hibernate ORM core version 5.4.32.Final
2021-06-13 14:36:22.259  INFO 19040 --- [           main] o.hibernate.annotations.common.Version   : HCANN000001: Hibernate Commons Annotations {5.1.2.Final}
2021-06-13 14:36:22.807  INFO 19040 --- [           main] org.hibernate.dialect.Dialect            : HHH000400: Using dialect: org.hibernate.dialect.MySQL5InnoDBDialect
Hibernate: create table address (id bigint not null auto_increment, address_type integer, user_id integer, primary key (id)) engine=InnoDB
Hibernate: create table cart_items (id integer not null auto_increment, quantity integer, cart_id bigint, product_id integer, cart_items_key varchar(255), primary key (id)) engine=InnoDB
Hibernate: create table carts (id bigint not null auto_increment, shipment_cost double precision, status bit, total_amount double precision, total_vat double precision, user_id integer not null, primary key (id)) engine=InnoDB
Hibernate: create table categories (id integer not null auto_increment, category_name varchar(255), category_desc varchar(255), image_url varchar(255), primary key (id)) engine=InnoDB
Hibernate: create table products (id integer not null auto_increment, code varchar(255), image_url varchar(255), name varchar(255), price double precision, quantity integer, tax double precision, title varchar(255), primary key (id)) engine=InnoDB
Hibernate: create table tokens (id integer not null auto_increment, created_date datetime, token varchar(255), user_id integer not null, primary key (id)) engine=InnoDB
Hibernate: create table users (id integer not null auto_increment, email varchar(255) not null, first_name varchar(255), last_name varchar(255), password varchar(255), username varchar(255) not null, primary key (id)) engine=InnoDB
Hibernate: alter table products drop index UK_57ivhy5aj3qfmdvl6vxdfjs4p
Hibernate: alter table products add constraint UK_57ivhy5aj3qfmdvl6vxdfjs4p unique (code)
Hibernate: alter table users drop index UK_6dotkott2kjsp8vw4d0m25fb7
Hibernate: alter table users add constraint UK_6dotkott2kjsp8vw4d0m25fb7 unique (email)
Hibernate: alter table users drop index UK_r43af9ap4edm43mmtq01oddj6
Hibernate: alter table users add constraint UK_r43af9ap4edm43mmtq01oddj6 unique (username)
Hibernate: alter table address add constraint FK6i66ijb8twgcqtetl8eeeed6v foreign key (user_id) references users (id)
Hibernate: alter table cart_items add constraint FKpcttvuq4mxppo8sxggjtn5i2c foreign key (cart_id) references carts (id)
Hibernate: alter table cart_items add constraint FK1re40cjegsfvw58xrkdp6bac6 foreign key (product_id) references products (id)
Hibernate: alter table carts add constraint FKb5o626f86h46m4s7ms6ginnop foreign key (user_id) references users (id)
Hibernate: alter table tokens add constraint FK2dylsfo39lgjyqml2tbe0b0ss foreign key (user_id) references users (id)
2021-06-13 14:36:25.786  INFO 19040 --- [           main] o.h.e.t.j.p.i.JtaPlatformInitiator       : HHH000490: Using JtaPlatform implementation: [org.hibernate.engine.transaction.jta.platform.internal.NoJtaPlatform]
2021-06-13 14:36:25.802  INFO 19040 --- [           main] j.LocalContainerEntityManagerFactoryBean : Initialized JPA EntityManagerFactory for persistence unit 'default'
2021-06-13 14:36:29.911  INFO 19040 --- [           main] .s.s.UserDetailsServiceAutoConfiguration : 

Using generated security password: 95ac78e0-ac9e-4a70-800b-be3c50654420

2021-06-13 14:36:30.397  INFO 19040 --- [           main] o.s.s.web.DefaultSecurityFilterChain     : Will secure any request with [org.springframework.security.web.context.request.async.WebAsyncManagerIntegrationFilter@1967c032, org.springframework.security.web.context.SecurityContextPersistenceFilter@16a4e4c9, org.springframework.security.web.header.HeaderWriterFilter@717b4de2, org.springframework.security.web.authentication.logout.LogoutFilter@361a618e, org.springframework.security.web.savedrequest.RequestCacheAwareFilter@c54e23b, org.springframework.security.web.servletapi.SecurityContextHolderAwareRequestFilter@ca90087, org.springframework.security.web.authentication.AnonymousAuthenticationFilter@7a6ade2c, org.springframework.security.web.session.SessionManagementFilter@6cf633eb, org.springframework.security.web.access.ExceptionTranslationFilter@7b57587e, org.springframework.security.web.access.intercept.FilterSecurityInterceptor@786e2c5e]
2021-06-13 14:36:31.416  INFO 19040 --- [           main] c.m.java.controller.UserControllerTest   : Started UserControllerTest in 19.075 seconds (JVM running for 21.407)
Hibernate: select user0_.id as id1_6_, user0_.email as email2_6_, user0_.first_name as first_na3_6_, user0_.last_name as last_nam4_6_, user0_.password as password5_6_, user0_.username as username6_6_ from users user0_ where user0_.username=?
]]></system-out>
  </testcase>
</testsuite>